[0m21:52:19.994848 [debug] [MainThread]: Sending event: {'category': 'dbt', 'action': 'invocation', 'label': 'start', 'context': [<snowplow_tracker.self_describing_json.SelfDescribingJson object at 0x000001AD9AF0FCD0>, <snowplow_tracker.self_describing_json.SelfDescribingJson object at 0x000001AD9C078DF0>, <snowplow_tracker.self_describing_json.SelfDescribingJson object at 0x000001AD9C079B70>]}


============================== 21:52:19.994848 | 93a1cf63-66e2-418f-a4ef-8e114d38faae ==============================
[0m21:52:19.994848 [info ] [MainThread]: Running with dbt=1.9.4
[0m21:52:19.994848 [debug] [MainThread]: running dbt with arguments {'printer_width': '80', 'indirect_selection': 'eager', 'write_json': 'True', 'log_cache_events': 'False', 'partial_parse': 'True', 'cache_selected_only': 'False', 'profiles_dir': 'C:\\Users\\chait\\.dbt', 'fail_fast': 'False', 'debug': 'False', 'log_path': 'logs', 'warn_error': 'None', 'version_check': 'True', 'use_colors': 'True', 'use_experimental_parser': 'False', 'empty': 'None', 'quiet': 'False', 'no_print': 'None', 'log_format': 'default', 'invocation_command': 'dbt init dbt_project', 'warn_error_options': 'WarnErrorOptions(include=[], exclude=[])', 'static_parser': 'True', 'target_path': 'None', 'introspect': 'True', 'send_anonymous_usage_stats': 'True'}
[0m21:52:20.035442 [warn ] [MainThread]: [ConfigFolderDirectory]: Unable to parse logging event dictionary. Failed to parse dir field: expected string or bytes-like object.. Dictionary: {'dir': WindowsPath('C:/Users/chait/.dbt')}
[0m21:52:20.050138 [info ] [MainThread]: Creating dbt configuration folder at 
[0m21:52:20.054205 [debug] [MainThread]: Starter project path: C:\Users\chait\Desktop\DBT-study\Projects\DBT-First-Project\dbt-env\lib\site-packages\dbt\include\starter_project
[0m21:52:20.176055 [info ] [MainThread]: 
Your new dbt project "dbt_project" was created!

For more information on how to configure the profiles.yml file,
please consult the dbt documentation here:

  https://docs.getdbt.com/docs/configure-your-profile

One more thing:

Need help? Don't hesitate to reach out to us via GitHub issues or on Slack:

  https://community.getdbt.com/

Happy modeling!

[0m21:52:20.176055 [info ] [MainThread]: Setting up your profile.
[0m23:51:23.943660 [info ] [MainThread]: Profile dbt_project written to C:\Users\chait\.dbt\profiles.yml using target's profile_template.yml and your supplied values. Run 'dbt debug' to validate the connection.
[0m23:51:23.982603 [debug] [MainThread]: Command `dbt init` succeeded at 23:51:23.978745 after 7159.99 seconds
[0m23:51:23.995275 [debug] [MainThread]: Sending event: {'category': 'dbt', 'action': 'invocation', 'label': 'end', 'context': [<snowplow_tracker.self_describing_json.SelfDescribingJson object at 0x000001AD9AF0FCD0>, <snowplow_tracker.self_describing_json.SelfDescribingJson object at 0x000001AD9C078760>, <snowplow_tracker.self_describing_json.SelfDescribingJson object at 0x000001AD9C079F30>]}
[0m23:51:24.002006 [debug] [MainThread]: Flushing usage events
[0m23:51:25.267246 [debug] [MainThread]: An error was encountered while trying to flush usage events
